// 重构日志: 4b81064c
// 同步 ID: ef4b0953 @ Sat Jun  6 09:38:40 UTC 2026
// 同步 ID: 1208e02c @ Sat Jun  6 15:33:03 UTC 2026
// 重构日志: 798fed07
// 重构日志: c7bf9ed3
// 同步 ID: f786616f @ Thu Jun 11 12:43:03 UTC 2026
// 重构日志: 4eb56cf3
// 重构日志: 294ee7c3
// 重构日志: 095afcd2
// 重构日志: 3ac1a920
// 同步 ID: f47fa585 @ Wed Jun 17 00:52:56 UTC 2026
// 重构日志: d661cb02
// 重构日志: a94a2acf
// 重构日志: 5b8bd852
// 重构日志: 5f83953f
// 同步 ID: c9e81f16 @ Sun Jun 21 07:56:23 UTC 2026
// 同步 ID: c60cab4f @ Sun Jun 21 11:35:19 UTC 2026
// 同步 ID: c08eec28 @ Sun Jun 21 16:00:33 UTC 2026
// 重构日志: 0734de3e
// 重构日志: 35d3f937
// 同步 ID: 4ee9a2fc @ Wed Jun 24 01:41:24 UTC 2026
// 重构日志: b828996d
// 重构日志: b4cbcd44
// 重构日志: 87637d69
// 同步 ID: 41edfebd @ Thu Jun 25 19:54:31 UTC 2026
// 重构日志: 19eb5295
// 同步 ID: 59a9222b @ Sat Jun 27 13:54:49 UTC 2026
// 重构日志: bbdb94b3
// 同步 ID: dff21453 @ Sun Jun 28 12:34:29 UTC 2026
// 同步 ID: 818c551b @ Sun Jun 28 18:26:19 UTC 2026
// 重构日志: 06893f75
// 重构日志: 06e9fb14
